{"C:\\Users\\Maggie\\OneDrive\\Documentos\\Certificaciones\\Fullstack Engineer -ITJ San DiegoU\\Proyecto\\fullstack-backend\\src\\controllers\\project.js": {"path":"C:\\Users\\Maggie\\OneDrive\\Documentos\\Certificaciones\\Fullstack Engineer -ITJ San DiegoU\\Proyecto\\fullstack-backend\\src\\controllers\\project.js","statementMap":{"0":{"start":{"line":1,"column":23},"end":{"line":1,"column":54}},"1":{"start":{"line":3,"column":0},"end":{"line":15,"column":2}},"2":{"start":{"line":4,"column":4},"end":{"line":14,"column":5}},"3":{"start":{"line":5,"column":23},"end":{"line":5,"column":57}},"4":{"start":{"line":6,"column":8},"end":{"line":8,"column":11}},"5":{"start":{"line":10,"column":8},"end":{"line":10,"column":34}},"6":{"start":{"line":11,"column":8},"end":{"line":13,"column":11}},"7":{"start":{"line":17,"column":0},"end":{"line":29,"column":2}},"8":{"start":{"line":18,"column":4},"end":{"line":28,"column":5}},"9":{"start":{"line":19,"column":22},"end":{"line":19,"column":72}},"10":{"start":{"line":20,"column":8},"end":{"line":22,"column":11}},"11":{"start":{"line":24,"column":8},"end":{"line":24,"column":34}},"12":{"start":{"line":25,"column":8},"end":{"line":27,"column":11}},"13":{"start":{"line":31,"column":0},"end":{"line":44,"column":2}},"14":{"start":{"line":32,"column":4},"end":{"line":43,"column":5}},"15":{"start":{"line":33,"column":27},"end":{"line":33,"column":71}},"16":{"start":{"line":34,"column":8},"end":{"line":37,"column":10}},"17":{"start":{"line":39,"column":8},"end":{"line":39,"column":34}},"18":{"start":{"line":40,"column":8},"end":{"line":42,"column":11}},"19":{"start":{"line":46,"column":0},"end":{"line":58,"column":2}},"20":{"start":{"line":47,"column":4},"end":{"line":57,"column":5}},"21":{"start":{"line":48,"column":21},"end":{"line":48,"column":31}},"22":{"start":{"line":49,"column":28},"end":{"line":49,"column":36}},"23":{"start":{"line":51,"column":31},"end":{"line":51,"column":82}},"24":{"start":{"line":53,"column":8},"end":{"line":53,"column":45}},"25":{"start":{"line":55,"column":8},"end":{"line":55,"column":29}},"26":{"start":{"line":56,"column":8},"end":{"line":56,"column":58}}},"fnMap":{"0":{"name":"(anonymous_0)","decl":{"start":{"line":3,"column":22},"end":{"line":3,"column":23}},"loc":{"start":{"line":3,"column":42},"end":{"line":15,"column":1}},"line":3},"1":{"name":"(anonymous_1)","decl":{"start":{"line":17,"column":24},"end":{"line":17,"column":25}},"loc":{"start":{"line":17,"column":44},"end":{"line":29,"column":1}},"line":17},"2":{"name":"(anonymous_2)","decl":{"start":{"line":31,"column":24},"end":{"line":31,"column":25}},"loc":{"start":{"line":31,"column":44},"end":{"line":44,"column":1}},"line":31},"3":{"name":"(anonymous_3)","decl":{"start":{"line":46,"column":24},"end":{"line":46,"column":25}},"loc":{"start":{"line":46,"column":44},"end":{"line":58,"column":1}},"line":46}},"branchMap":{},"s":{"0":1,"1":1,"2":0,"3":0,"4":0,"5":0,"6":0,"7":1,"8":0,"9":0,"10":0,"11":0,"12":0,"13":1,"14":0,"15":0,"16":0,"17":0,"18":0,"19":1,"20":4,"21":4,"22":4,"23":4,"24":3,"25":1,"26":1},"f":{"0":0,"1":0,"2":0,"3":4},"b":{},"_coverageSchema":"1a1c01bbd47fc00a2c39e90264f33305004495a9","hash":"44353c3aea0f48b1067747af407beefefe12db8e"}
,"C:\\Users\\Maggie\\OneDrive\\Documentos\\Certificaciones\\Fullstack Engineer -ITJ San DiegoU\\Proyecto\\fullstack-backend\\src\\models\\project.js": {"path":"C:\\Users\\Maggie\\OneDrive\\Documentos\\Certificaciones\\Fullstack Engineer -ITJ San DiegoU\\Proyecto\\fullstack-backend\\src\\models\\project.js","statementMap":{"0":{"start":{"line":1,"column":17},"end":{"line":1,"column":36}},"1":{"start":{"line":3,"column":15},"end":{"line":3,"column":30}},"2":{"start":{"line":5,"column":22},"end":{"line":29,"column":2}},"3":{"start":{"line":31,"column":0},"end":{"line":31,"column":58}}},"fnMap":{},"branchMap":{},"s":{"0":2,"1":2,"2":2,"3":2},"f":{},"b":{},"_coverageSchema":"1a1c01bbd47fc00a2c39e90264f33305004495a9","hash":"1b3071f850c1058f83076d01419aa9095b6955fb"}
,"C:\\Users\\Maggie\\OneDrive\\Documentos\\Certificaciones\\Fullstack Engineer -ITJ San DiegoU\\Proyecto\\fullstack-backend\\src\\services\\projects.js": {"path":"C:\\Users\\Maggie\\OneDrive\\Documentos\\Certificaciones\\Fullstack Engineer -ITJ San DiegoU\\Proyecto\\fullstack-backend\\src\\services\\projects.js","statementMap":{"0":{"start":{"line":1,"column":16},"end":{"line":1,"column":44}},"1":{"start":{"line":3,"column":0},"end":{"line":6,"column":2}},"2":{"start":{"line":4,"column":19},"end":{"line":4,"column":53}},"3":{"start":{"line":5,"column":4},"end":{"line":5,"column":20}},"4":{"start":{"line":8,"column":0},"end":{"line":11,"column":2}},"5":{"start":{"line":9,"column":18},"end":{"line":9,"column":58}},"6":{"start":{"line":10,"column":4},"end":{"line":10,"column":19}},"7":{"start":{"line":13,"column":0},"end":{"line":23,"column":2}},"8":{"start":{"line":14,"column":20},"end":{"line":21,"column":6}},"9":{"start":{"line":22,"column":4},"end":{"line":22,"column":32}},"10":{"start":{"line":25,"column":0},"end":{"line":31,"column":4}},"11":{"start":{"line":26,"column":4},"end":{"line":30,"column":14}},"12":{"start":{"line":33,"column":2},"end":{"line":35,"column":4}},"13":{"start":{"line":34,"column":4},"end":{"line":34,"column":47}}},"fnMap":{"0":{"name":"(anonymous_0)","decl":{"start":{"line":3,"column":21},"end":{"line":3,"column":22}},"loc":{"start":{"line":3,"column":33},"end":{"line":6,"column":1}},"line":3},"1":{"name":"(anonymous_1)","decl":{"start":{"line":8,"column":25},"end":{"line":8,"column":26}},"loc":{"start":{"line":8,"column":39},"end":{"line":11,"column":1}},"line":8},"2":{"name":"(anonymous_2)","decl":{"start":{"line":13,"column":24},"end":{"line":13,"column":25}},"loc":{"start":{"line":13,"column":47},"end":{"line":23,"column":1}},"line":13},"3":{"name":"(anonymous_3)","decl":{"start":{"line":25,"column":24},"end":{"line":25,"column":25}},"loc":{"start":{"line":25,"column":51},"end":{"line":31,"column":3}},"line":25},"4":{"name":"(anonymous_4)","decl":{"start":{"line":33,"column":26},"end":{"line":33,"column":27}},"loc":{"start":{"line":33,"column":40},"end":{"line":35,"column":3}},"line":33}},"branchMap":{},"s":{"0":2,"1":2,"2":0,"3":0,"4":2,"5":0,"6":0,"7":2,"8":0,"9":0,"10":2,"11":4,"12":2,"13":1},"f":{"0":0,"1":0,"2":0,"3":4,"4":1},"b":{},"_coverageSchema":"1a1c01bbd47fc00a2c39e90264f33305004495a9","hash":"35ce4b2242f22f31e7bda165675d042c71f80c79"}
}
